10:50:08 [restartedMain] INFO  com.yidianpuzi.PassportApplication - Starting PassportApplication on LAPTOP-R3E1JBJF with PID 26228 (D:\personal\learn\Passport\target\classes started by zhangdengbo in D:\personal\learn\Passport)
10:50:08 [restartedMain] INFO  com.yidianpuzi.PassportApplication - The following profiles are active: dev
10:50:08 [restartedMain] INFO  o.s.b.d.e.DevToolsPropertyDefaultsPostProcessor - Devtools property defaults active! Set 'spring.devtools.add-properties' to 'false' to disable
10:50:08 [restartedMain] INFO  o.s.b.d.e.DevToolsPropertyDefaultsPostProcessor - For additional web related logging consider setting the 'logging.level.web' property to 'DEBUG'
10:50:10 [restartedMain] INFO  o.s.c.s.PostProcessorRegistrationDelegate$BeanPostProcessorChecker - Bean 'org.springframework.transaction.annotation.ProxyTransactionManagementConfiguration' of type [org.springframework.transaction.annotation.ProxyTransactionManagementConfiguration$$EnhancerBySpringCGLIB$$39390c39] is not eligible for getting processed by all BeanPostProcessors (for example: not eligible for auto-proxying)
10:50:11 [restartedMain] INFO  o.s.b.w.e.tomcat.TomcatWebServer - Tomcat initialized with port(s): 8080 (http)
10:50:11 [restartedMain] INFO  o.a.coyote.http11.Http11NioProtocol - Initializing ProtocolHandler ["http-nio-8080"]
10:50:11 [restartedMain] INFO  o.a.catalina.core.StandardService - Starting service [Tomcat]
10:50:11 [restartedMain] INFO  o.a.catalina.core.StandardEngine - Starting Servlet engine: [Apache Tomcat/9.0.14]
10:50:11 [restartedMain] INFO  o.a.c.core.AprLifecycleListener - The APR based Apache Tomcat Native library which allows optimal performance in production environments was not found on the java.library.path: [C:\Program Files\Java\jdk1.8.0_141\bin;C:\WINDOWS\Sun\Java\bin;C:\WINDOWS\system32;C:\WINDOWS;C:\Program Files (x86)\NetSarang\Xshell 6\;C:\ProgramData\Oracle\Java\javapath;C:\Program Files (x86)\Intel\Intel(R) Management Engine Components\iCLS\;C:\Program Files\Intel\Intel(R) Management Engine Components\iCLS\;C:\Windows\System32;C:\Windows;C:\Windows\System32\wbem;C:\Windows\System32\WindowsPowerShell\v1.0\;C:\Windows\System32\OpenSSH\;C:\Program Files (x86)\Intel\Intel(R) Management Engine Components\DAL;C:\Program Files\Intel\Intel(R) Management Engine Components\DAL;C:\Program Files (x86)\Intel\Intel(R) Management Engine Components\IPT;C:\Program Files\Intel\Intel(R) Management Engine Components\IPT;C:\Program Files\Git\cmd;C:\Program Files\nodejs\;"%JAVA_HOME%\bin;%JAVA_HOME%\jre\bin;";%MAVEN_HOME%\bin\;*:\apache-maven-3.6.1\bin;C:\Program Files\Intel\WiFi\bin\;C:\Program Files\Common Files\Intel\WirelessCommon\;C:\WINDOWS\system32\config\systemprofile\.dnx\bin;C:\Program Files\Microsoft DNX\Dnvm\;C:\Users\zhangdengbo\AppData\Local\Microsoft\WindowsApps;C:\Users\zhangdengbo\AppData\Roaming\npm;D:\apache-maven-3.6.1\bin;;C:\Users\zhangdengbo\AppData\Local\Programs\Fiddler;.]
10:50:11 [restartedMain] INFO  o.a.c.c.C.[Tomcat].[localhost].[/] - Initializing Spring embedded WebApplicationContext
10:50:11 [restartedMain] INFO  o.s.web.context.ContextLoader - Root WebApplicationContext: initialization completed in 2879 ms
10:50:11 [restartedMain] INFO  c.a.d.s.b.a.DruidDataSourceAutoConfigure - Init DruidDataSource
10:50:11 [restartedMain] INFO  c.alibaba.druid.pool.DruidDataSource - {dataSource-1} inited
10:50:14 [restartedMain] INFO  s.d.s.w.PropertySourcedRequestMappingHandlerMapping - Mapped URL path [/v2/api-docs] onto method [public org.springframework.http.ResponseEntity<springfox.documentation.spring.web.json.Json> springfox.documentation.swagger2.web.Swagger2Controller.getDocumentation(java.lang.String,javax.servlet.http.HttpServletRequest)]
10:50:14 [restartedMain] INFO  o.s.s.c.ThreadPoolTaskExecutor - Initializing ExecutorService 'applicationTaskExecutor'
10:50:14 [restartedMain] INFO  o.s.b.d.a.OptionalLiveReloadServer - LiveReload server is running on port 35729
10:50:15 [restartedMain] INFO  o.s.b.a.w.s.WelcomePageHandlerMapping - Adding welcome page template: index
10:50:16 [restartedMain] INFO  s.d.s.w.p.DocumentationPluginsBootstrapper - Context refreshed
10:50:16 [restartedMain] INFO  s.d.s.w.p.DocumentationPluginsBootstrapper - Found 1 custom documentation plugin(s)
10:50:16 [restartedMain] INFO  s.d.s.w.s.ApiListingReferenceScanner - Scanning for api listing references
10:50:16 [restartedMain] INFO  s.d.s.w.r.o.CachingOperationNameGenerator - Generating unique operation named: findUsersUsingPOST_1
10:50:16 [restartedMain] INFO  s.d.s.w.r.o.CachingOperationNameGenerator - Generating unique operation named: loginUsingGET_1
10:50:16 [restartedMain] INFO  s.d.s.w.r.o.CachingOperationNameGenerator - Generating unique operation named: loginUsingPOST_1
10:50:16 [restartedMain] INFO  o.a.coyote.http11.Http11NioProtocol - Starting ProtocolHandler ["http-nio-8080"]
10:50:16 [restartedMain] ERROR o.apache.catalina.util.LifecycleBase - Failed to start component [Connector[HTTP/1.1-8080]]
org.apache.catalina.LifecycleException: Protocol handler start failed
	at org.apache.catalina.connector.Connector.startInternal(Connector.java:1004)
	at org.apache.catalina.util.LifecycleBase.start(LifecycleBase.java:183)
	at org.apache.catalina.core.StandardService.addConnector(StandardService.java:226)
	at org.springframework.boot.web.embedded.tomcat.TomcatWebServer.addPreviouslyRemovedConnectors(TomcatWebServer.java:259)
	at org.springframework.boot.web.embedded.tomcat.TomcatWebServer.start(TomcatWebServer.java:197)
	at org.springframework.boot.web.servlet.context.ServletWebServerApplicationContext.startWebServer(ServletWebServerApplicationContext.java:311)
	at org.springframework.boot.web.servlet.context.ServletWebServerApplicationContext.finishRefresh(ServletWebServerApplicationContext.java:164)
	at org.springframework.context.support.AbstractApplicationContext.refresh(AbstractApplicationContext.java:549)
	at org.springframework.boot.web.servlet.context.ServletWebServerApplicationContext.refresh(ServletWebServerApplicationContext.java:142)
	at org.springframework.boot.SpringApplication.refresh(SpringApplication.java:775)
	at org.springframework.boot.SpringApplication.refreshContext(SpringApplication.java:397)
	at org.springframework.boot.SpringApplication.run(SpringApplication.java:316)
	at org.springframework.boot.SpringApplication.run(SpringApplication.java:1260)
	at org.springframework.boot.SpringApplication.run(SpringApplication.java:1248)
	at com.yidianpuzi.PassportApplication.main(PassportApplication.java:12)
	at sun.reflect.NativeMethodAccessorImpl.invoke0(Native Method)
	at sun.reflect.NativeMethodAccessorImpl.invoke(NativeMethodAccessorImpl.java:62)
	at sun.reflect.DelegatingMethodAccessorImpl.invoke(DelegatingMethodAccessorImpl.java:43)
	at java.lang.reflect.Method.invoke(Method.java:498)
	at org.springframework.boot.devtools.restart.RestartLauncher.run(RestartLauncher.java:49)
Caused by: java.net.BindException: Address already in use: bind
	at sun.nio.ch.Net.bind0(Native Method)
	at sun.nio.ch.Net.bind(Net.java:433)
	at sun.nio.ch.Net.bind(Net.java:425)
	at sun.nio.ch.ServerSocketChannelImpl.bind(ServerSocketChannelImpl.java:223)
	at sun.nio.ch.ServerSocketAdaptor.bind(ServerSocketAdaptor.java:74)
	at org.apache.tomcat.util.net.NioEndpoint.initServerSocket(NioEndpoint.java:236)
	at org.apache.tomcat.util.net.NioEndpoint.bind(NioEndpoint.java:210)
	at org.apache.tomcat.util.net.AbstractEndpoint.bindWithCleanup(AbstractEndpoint.java:1085)
	at org.apache.tomcat.util.net.AbstractEndpoint.start(AbstractEndpoint.java:1171)
	at org.apache.coyote.AbstractProtocol.start(AbstractProtocol.java:568)
	at org.apache.catalina.connector.Connector.startInternal(Connector.java:1001)
	... 19 common frames omitted
10:50:16 [restartedMain] INFO  o.a.coyote.http11.Http11NioProtocol - Pausing ProtocolHandler ["http-nio-8080"]
10:50:16 [restartedMain] INFO  o.a.catalina.core.StandardService - Stopping service [Tomcat]
10:50:16 [restartedMain] INFO  o.apache.catalina.util.LifecycleBase - The stop() method was called on component [StandardServer[-1]] after stop() had already been called. The second call will be ignored.
10:50:16 [restartedMain] INFO  o.a.coyote.http11.Http11NioProtocol - Stopping ProtocolHandler ["http-nio-8080"]
10:50:16 [restartedMain] INFO  o.a.coyote.http11.Http11NioProtocol - Destroying ProtocolHandler ["http-nio-8080"]
10:50:16 [restartedMain] INFO  o.s.b.a.l.ConditionEvaluationReportLoggingListener - 

Error starting ApplicationContext. To display the conditions report re-run your application with 'debug' enabled.
10:50:16 [restartedMain] ERROR o.s.b.d.LoggingFailureAnalysisReporter - 

***************************
APPLICATION FAILED TO START
***************************

Description:

The Tomcat connector configured to listen on port 8080 failed to start. The port may already be in use or the connector may be misconfigured.

Action:

Verify the connector's configuration, identify and stop any process that's listening on port 8080, or configure this application to listen on another port.

10:50:16 [restartedMain] INFO  o.s.s.c.ThreadPoolTaskExecutor - Shutting down ExecutorService 'applicationTaskExecutor'
10:50:16 [restartedMain] INFO  c.alibaba.druid.pool.DruidDataSource - {dataSource-1} closed
10:50:44 [restartedMain] INFO  com.yidianpuzi.PassportApplication - Starting PassportApplication on LAPTOP-R3E1JBJF with PID 26936 (D:\personal\learn\Passport\target\classes started by zhangdengbo in D:\personal\learn\Passport)
10:50:44 [restartedMain] INFO  com.yidianpuzi.PassportApplication - The following profiles are active: dev
10:50:44 [restartedMain] INFO  o.s.b.d.e.DevToolsPropertyDefaultsPostProcessor - Devtools property defaults active! Set 'spring.devtools.add-properties' to 'false' to disable
10:50:44 [restartedMain] INFO  o.s.b.d.e.DevToolsPropertyDefaultsPostProcessor - For additional web related logging consider setting the 'logging.level.web' property to 'DEBUG'
10:50:46 [restartedMain] INFO  o.s.c.s.PostProcessorRegistrationDelegate$BeanPostProcessorChecker - Bean 'org.springframework.transaction.annotation.ProxyTransactionManagementConfiguration' of type [org.springframework.transaction.annotation.ProxyTransactionManagementConfiguration$$EnhancerBySpringCGLIB$$44789d11] is not eligible for getting processed by all BeanPostProcessors (for example: not eligible for auto-proxying)
10:50:47 [restartedMain] INFO  o.s.b.w.e.tomcat.TomcatWebServer - Tomcat initialized with port(s): 8085 (http)
10:50:47 [restartedMain] INFO  o.a.coyote.http11.Http11NioProtocol - Initializing ProtocolHandler ["http-nio-8085"]
10:50:47 [restartedMain] INFO  o.a.catalina.core.StandardService - Starting service [Tomcat]
10:50:47 [restartedMain] INFO  o.a.catalina.core.StandardEngine - Starting Servlet engine: [Apache Tomcat/9.0.14]
10:50:47 [restartedMain] INFO  o.a.c.core.AprLifecycleListener - The APR based Apache Tomcat Native library which allows optimal performance in production environments was not found on the java.library.path: [C:\Program Files\Java\jdk1.8.0_141\bin;C:\WINDOWS\Sun\Java\bin;C:\WINDOWS\system32;C:\WINDOWS;C:\Program Files (x86)\NetSarang\Xshell 6\;C:\ProgramData\Oracle\Java\javapath;C:\Program Files (x86)\Intel\Intel(R) Management Engine Components\iCLS\;C:\Program Files\Intel\Intel(R) Management Engine Components\iCLS\;C:\Windows\System32;C:\Windows;C:\Windows\System32\wbem;C:\Windows\System32\WindowsPowerShell\v1.0\;C:\Windows\System32\OpenSSH\;C:\Program Files (x86)\Intel\Intel(R) Management Engine Components\DAL;C:\Program Files\Intel\Intel(R) Management Engine Components\DAL;C:\Program Files (x86)\Intel\Intel(R) Management Engine Components\IPT;C:\Program Files\Intel\Intel(R) Management Engine Components\IPT;C:\Program Files\Git\cmd;C:\Program Files\nodejs\;"%JAVA_HOME%\bin;%JAVA_HOME%\jre\bin;";%MAVEN_HOME%\bin\;*:\apache-maven-3.6.1\bin;C:\Program Files\Intel\WiFi\bin\;C:\Program Files\Common Files\Intel\WirelessCommon\;C:\WINDOWS\system32\config\systemprofile\.dnx\bin;C:\Program Files\Microsoft DNX\Dnvm\;C:\Users\zhangdengbo\AppData\Local\Microsoft\WindowsApps;C:\Users\zhangdengbo\AppData\Roaming\npm;D:\apache-maven-3.6.1\bin;;C:\Users\zhangdengbo\AppData\Local\Programs\Fiddler;.]
10:50:47 [restartedMain] INFO  o.a.c.c.C.[Tomcat].[localhost].[/] - Initializing Spring embedded WebApplicationContext
10:50:47 [restartedMain] INFO  o.s.web.context.ContextLoader - Root WebApplicationContext: initialization completed in 3129 ms
10:50:47 [restartedMain] INFO  c.a.d.s.b.a.DruidDataSourceAutoConfigure - Init DruidDataSource
10:50:47 [restartedMain] INFO  c.alibaba.druid.pool.DruidDataSource - {dataSource-1} inited
10:50:49 [restartedMain] INFO  s.d.s.w.PropertySourcedRequestMappingHandlerMapping - Mapped URL path [/v2/api-docs] onto method [public org.springframework.http.ResponseEntity<springfox.documentation.spring.web.json.Json> springfox.documentation.swagger2.web.Swagger2Controller.getDocumentation(java.lang.String,javax.servlet.http.HttpServletRequest)]
10:50:50 [restartedMain] INFO  o.s.s.c.ThreadPoolTaskExecutor - Initializing ExecutorService 'applicationTaskExecutor'
10:50:50 [restartedMain] INFO  o.s.b.d.a.OptionalLiveReloadServer - LiveReload server is running on port 35729
10:50:50 [restartedMain] INFO  o.s.b.a.w.s.WelcomePageHandlerMapping - Adding welcome page template: index
10:50:51 [restartedMain] INFO  s.d.s.w.p.DocumentationPluginsBootstrapper - Context refreshed
10:50:51 [restartedMain] INFO  s.d.s.w.p.DocumentationPluginsBootstrapper - Found 1 custom documentation plugin(s)
10:50:51 [restartedMain] INFO  s.d.s.w.s.ApiListingReferenceScanner - Scanning for api listing references
10:50:51 [restartedMain] INFO  s.d.s.w.r.o.CachingOperationNameGenerator - Generating unique operation named: findUsersUsingPOST_1
10:50:51 [restartedMain] INFO  s.d.s.w.r.o.CachingOperationNameGenerator - Generating unique operation named: loginUsingGET_1
10:50:51 [restartedMain] INFO  s.d.s.w.r.o.CachingOperationNameGenerator - Generating unique operation named: loginUsingPOST_1
10:50:52 [restartedMain] INFO  o.a.coyote.http11.Http11NioProtocol - Starting ProtocolHandler ["http-nio-8085"]
10:50:52 [restartedMain] INFO  o.s.b.w.e.tomcat.TomcatWebServer - Tomcat started on port(s): 8085 (http) with context path ''
10:50:52 [restartedMain] INFO  com.yidianpuzi.PassportApplication - Started PassportApplication in 8.887 seconds (JVM running for 12.913)
10:52:17 [http-nio-8085-exec-1] INFO  o.a.c.c.C.[Tomcat].[localhost].[/] - Initializing Spring DispatcherServlet 'dispatcherServlet'
10:52:17 [http-nio-8085-exec-1] INFO  o.s.web.servlet.DispatcherServlet - Initializing Servlet 'dispatcherServlet'
10:52:17 [http-nio-8085-exec-1] INFO  o.s.web.servlet.DispatcherServlet - Completed initialization in 7 ms
10:52:17 [http-nio-8085-exec-1] INFO  c.y.controller.LoginController - 手机：null，密码null
10:52:17 [http-nio-8085-exec-1] WARN  c.y.controller.LoginController - 手机：null，密码null
10:52:17 [http-nio-8085-exec-1] ERROR c.y.controller.LoginController - 手机：null，密码null
10:52:17 [http-nio-8085-exec-1] DEBUG c.y.m.P.selectByPrimaryKey - ==>  Preparing: select id, name, phone, email, passwd, create_date, last_login_date from t_passport where id = ?
10:52:17 [http-nio-8085-exec-1] DEBUG c.y.m.P.selectByPrimaryKey - ==>  Preparing: select id, name, phone, email, passwd, create_date, last_login_date from t_passport where id = ?
10:52:17 [http-nio-8085-exec-1] DEBUG c.y.m.P.selectByPrimaryKey - ==> Parameters: 1(Long)
10:52:17 [http-nio-8085-exec-1] DEBUG c.y.m.P.selectByPrimaryKey - ==> Parameters: 1(Long)
10:52:17 [http-nio-8085-exec-1] DEBUG c.y.m.P.selectByPrimaryKey - <==      Total: 1
10:52:17 [http-nio-8085-exec-1] DEBUG c.y.m.P.selectByPrimaryKey - <==      Total: 1
10:53:15 [Thread-20] INFO  o.s.s.c.ThreadPoolTaskExecutor - Shutting down ExecutorService 'applicationTaskExecutor'
10:53:15 [Thread-20] INFO  c.alibaba.druid.pool.DruidDataSource - {dataSource-1} closed
10:53:17 [restartedMain] INFO  com.yidianpuzi.PassportApplication - Starting PassportApplication on LAPTOP-R3E1JBJF with PID 26936 (D:\personal\learn\Passport\target\classes started by zhangdengbo in D:\personal\learn\Passport)
10:53:17 [restartedMain] INFO  com.yidianpuzi.PassportApplication - The following profiles are active: dev
10:53:19 [restartedMain] INFO  o.s.c.s.PostProcessorRegistrationDelegate$BeanPostProcessorChecker - Bean 'org.springframework.transaction.annotation.ProxyTransactionManagementConfiguration' of type [org.springframework.transaction.annotation.ProxyTransactionManagementConfiguration$$EnhancerBySpringCGLIB$$44789d11] is not eligible for getting processed by all BeanPostProcessors (for example: not eligible for auto-proxying)
10:53:19 [restartedMain] INFO  o.s.b.w.e.tomcat.TomcatWebServer - Tomcat initialized with port(s): 8085 (http)
10:53:19 [restartedMain] INFO  o.a.coyote.http11.Http11NioProtocol - Initializing ProtocolHandler ["http-nio-8085"]
10:53:19 [restartedMain] INFO  o.a.catalina.core.StandardService - Starting service [Tomcat]
10:53:19 [restartedMain] INFO  o.a.catalina.core.StandardEngine - Starting Servlet engine: [Apache Tomcat/9.0.14]
10:53:19 [restartedMain] INFO  o.a.c.c.C.[Tomcat].[localhost].[/] - Initializing Spring embedded WebApplicationContext
10:53:19 [restartedMain] INFO  o.s.web.context.ContextLoader - Root WebApplicationContext: initialization completed in 2095 ms
10:53:19 [restartedMain] INFO  c.a.d.s.b.a.DruidDataSourceAutoConfigure - Init DruidDataSource
10:53:19 [restartedMain] INFO  c.alibaba.druid.pool.DruidDataSource - {dataSource-2} inited
10:53:20 [restartedMain] INFO  s.d.s.w.PropertySourcedRequestMappingHandlerMapping - Mapped URL path [/v2/api-docs] onto method [public org.springframework.http.ResponseEntity<springfox.documentation.spring.web.json.Json> springfox.documentation.swagger2.web.Swagger2Controller.getDocumentation(java.lang.String,javax.servlet.http.HttpServletRequest)]
10:53:20 [restartedMain] INFO  o.s.s.c.ThreadPoolTaskExecutor - Initializing ExecutorService 'applicationTaskExecutor'
10:53:20 [restartedMain] INFO  o.s.b.d.a.OptionalLiveReloadServer - LiveReload server is running on port 35729
10:53:20 [restartedMain] INFO  o.s.b.a.w.s.WelcomePageHandlerMapping - Adding welcome page template: index
10:53:22 [restartedMain] INFO  s.d.s.w.p.DocumentationPluginsBootstrapper - Context refreshed
10:53:22 [restartedMain] INFO  s.d.s.w.p.DocumentationPluginsBootstrapper - Found 1 custom documentation plugin(s)
10:53:22 [restartedMain] INFO  s.d.s.w.s.ApiListingReferenceScanner - Scanning for api listing references
10:53:22 [restartedMain] INFO  s.d.s.w.r.o.CachingOperationNameGenerator - Generating unique operation named: findUsersUsingPOST_1
10:53:22 [restartedMain] INFO  o.a.coyote.http11.Http11NioProtocol - Starting ProtocolHandler ["http-nio-8085"]
10:53:22 [restartedMain] INFO  o.s.b.w.e.tomcat.TomcatWebServer - Tomcat started on port(s): 8085 (http) with context path ''
10:53:22 [restartedMain] INFO  com.yidianpuzi.PassportApplication - Started PassportApplication in 5.265 seconds (JVM running for 163.225)
10:53:22 [restartedMain] INFO  o.s.b.d.a.ConditionEvaluationDeltaLoggingListener - Condition evaluation unchanged
10:53:22 [http-nio-8085-exec-10] INFO  o.a.c.c.C.[Tomcat].[localhost].[/] - Initializing Spring DispatcherServlet 'dispatcherServlet'
10:53:22 [http-nio-8085-exec-10] INFO  o.s.web.servlet.DispatcherServlet - Initializing Servlet 'dispatcherServlet'
10:53:22 [http-nio-8085-exec-10] INFO  o.s.web.servlet.DispatcherServlet - Completed initialization in 12 ms
10:53:38 [restartedMain] INFO  com.yidianpuzi.PassportApplication - Starting PassportApplication on LAPTOP-R3E1JBJF with PID 26976 (D:\personal\learn\Passport\target\classes started by zhangdengbo in D:\personal\learn\Passport)
10:53:38 [restartedMain] INFO  com.yidianpuzi.PassportApplication - The following profiles are active: dev
10:53:38 [restartedMain] INFO  o.s.b.d.e.DevToolsPropertyDefaultsPostProcessor - Devtools property defaults active! Set 'spring.devtools.add-properties' to 'false' to disable
10:53:38 [restartedMain] INFO  o.s.b.d.e.DevToolsPropertyDefaultsPostProcessor - For additional web related logging consider setting the 'logging.level.web' property to 'DEBUG'
10:53:40 [restartedMain] INFO  o.s.c.s.PostProcessorRegistrationDelegate$BeanPostProcessorChecker - Bean 'org.springframework.transaction.annotation.ProxyTransactionManagementConfiguration' of type [org.springframework.transaction.annotation.ProxyTransactionManagementConfiguration$$EnhancerBySpringCGLIB$$15db2213] is not eligible for getting processed by all BeanPostProcessors (for example: not eligible for auto-proxying)
10:53:41 [restartedMain] INFO  o.s.b.w.e.tomcat.TomcatWebServer - Tomcat initialized with port(s): 8085 (http)
10:53:41 [restartedMain] INFO  o.a.coyote.http11.Http11NioProtocol - Initializing ProtocolHandler ["http-nio-8085"]
10:53:41 [restartedMain] INFO  o.a.catalina.core.StandardService - Starting service [Tomcat]
10:53:41 [restartedMain] INFO  o.a.catalina.core.StandardEngine - Starting Servlet engine: [Apache Tomcat/9.0.14]
10:53:41 [restartedMain] INFO  o.a.c.core.AprLifecycleListener - The APR based Apache Tomcat Native library which allows optimal performance in production environments was not found on the java.library.path: [C:\Program Files\Java\jdk1.8.0_141\bin;C:\WINDOWS\Sun\Java\bin;C:\WINDOWS\system32;C:\WINDOWS;C:\Program Files (x86)\NetSarang\Xshell 6\;C:\ProgramData\Oracle\Java\javapath;C:\Program Files (x86)\Intel\Intel(R) Management Engine Components\iCLS\;C:\Program Files\Intel\Intel(R) Management Engine Components\iCLS\;C:\Windows\System32;C:\Windows;C:\Windows\System32\wbem;C:\Windows\System32\WindowsPowerShell\v1.0\;C:\Windows\System32\OpenSSH\;C:\Program Files (x86)\Intel\Intel(R) Management Engine Components\DAL;C:\Program Files\Intel\Intel(R) Management Engine Components\DAL;C:\Program Files (x86)\Intel\Intel(R) Management Engine Components\IPT;C:\Program Files\Intel\Intel(R) Management Engine Components\IPT;C:\Program Files\Git\cmd;C:\Program Files\nodejs\;"%JAVA_HOME%\bin;%JAVA_HOME%\jre\bin;";%MAVEN_HOME%\bin\;*:\apache-maven-3.6.1\bin;C:\Program Files\Intel\WiFi\bin\;C:\Program Files\Common Files\Intel\WirelessCommon\;C:\WINDOWS\system32\config\systemprofile\.dnx\bin;C:\Program Files\Microsoft DNX\Dnvm\;C:\Users\zhangdengbo\AppData\Local\Microsoft\WindowsApps;C:\Users\zhangdengbo\AppData\Roaming\npm;D:\apache-maven-3.6.1\bin;;C:\Users\zhangdengbo\AppData\Local\Programs\Fiddler;.]
10:53:41 [restartedMain] INFO  o.a.c.c.C.[Tomcat].[localhost].[/] - Initializing Spring embedded WebApplicationContext
10:53:41 [restartedMain] INFO  o.s.web.context.ContextLoader - Root WebApplicationContext: initialization completed in 3393 ms
10:53:41 [restartedMain] INFO  c.a.d.s.b.a.DruidDataSourceAutoConfigure - Init DruidDataSource
10:53:42 [restartedMain] INFO  c.alibaba.druid.pool.DruidDataSource - {dataSource-1} inited
10:53:44 [restartedMain] INFO  s.d.s.w.PropertySourcedRequestMappingHandlerMapping - Mapped URL path [/v2/api-docs] onto method [public org.springframework.http.ResponseEntity<springfox.documentation.spring.web.json.Json> springfox.documentation.swagger2.web.Swagger2Controller.getDocumentation(java.lang.String,javax.servlet.http.HttpServletRequest)]
10:53:44 [restartedMain] INFO  o.s.s.c.ThreadPoolTaskExecutor - Initializing ExecutorService 'applicationTaskExecutor'
10:53:44 [restartedMain] INFO  o.s.b.d.a.OptionalLiveReloadServer - LiveReload server is running on port 35729
10:53:44 [restartedMain] INFO  o.s.b.a.w.s.WelcomePageHandlerMapping - Adding welcome page template: index
10:53:46 [restartedMain] INFO  s.d.s.w.p.DocumentationPluginsBootstrapper - Context refreshed
10:53:46 [restartedMain] INFO  s.d.s.w.p.DocumentationPluginsBootstrapper - Found 1 custom documentation plugin(s)
10:53:46 [restartedMain] INFO  s.d.s.w.s.ApiListingReferenceScanner - Scanning for api listing references
10:53:46 [restartedMain] INFO  s.d.s.w.r.o.CachingOperationNameGenerator - Generating unique operation named: findUsersUsingPOST_1
10:53:46 [restartedMain] INFO  o.a.coyote.http11.Http11NioProtocol - Starting ProtocolHandler ["http-nio-8085"]
10:53:46 [restartedMain] INFO  o.s.b.w.e.tomcat.TomcatWebServer - Tomcat started on port(s): 8085 (http) with context path ''
10:53:46 [restartedMain] INFO  com.yidianpuzi.PassportApplication - Started PassportApplication in 9.745 seconds (JVM running for 14.098)
10:54:31 [http-nio-8085-exec-1] INFO  o.a.c.c.C.[Tomcat].[localhost].[/] - Initializing Spring DispatcherServlet 'dispatcherServlet'
10:54:31 [http-nio-8085-exec-1] INFO  o.s.web.servlet.DispatcherServlet - Initializing Servlet 'dispatcherServlet'
10:54:31 [http-nio-8085-exec-1] INFO  o.s.web.servlet.DispatcherServlet - Completed initialization in 18 ms
